{"/Users/1000sang/Documents/github/1000sang/classting/server/src/domains/accounts/account.controller.ts": {"path":"/Users/1000sang/Documents/github/1000sang/classting/server/src/domains/accounts/account.controller.ts","statementMap":{"0":{"start":{"line":1,"column":0},"end":{"line":1,"column":56}},"1":{"start":{"line":2,"column":0},"end":{"line":2,"column":85}},"2":{"start":{"line":3,"column":0},"end":{"line":3,"column":51}},"3":{"start":{"line":4,"column":0},"end":{"line":4,"column":44}},"4":{"start":{"line":5,"column":0},"end":{"line":5,"column":62}},"5":{"start":{"line":10,"column":7},"end":{"line":23,"column":null}},"6":{"start":{"line":11,"column":30},"end":{"line":11,"column":46}},"7":{"start":{"line":21,"column":2},"end":{"line":21,"column":46}},"8":{"start":{"line":10,"column":13},"end":{"line":10,"column":30}},"9":{"start":{"line":20,"column":7},"end":{"line":22,"column":null}},"10":{"start":{"line":10,"column":13},"end":{"line":23,"column":null}}},"fnMap":{"0":{"name":"(anonymous_4)","decl":{"start":{"line":11,"column":1},"end":{"line":11,"column":30}},"loc":{"start":{"line":11,"column":60},"end":{"line":11,"column":64}}},"1":{"name":"(anonymous_5)","decl":{"start":{"line":20,"column":1},"end":{"line":20,"column":6}},"loc":{"start":{"line":20,"column":34},"end":{"line":22,"column":2}}}},"branchMap":{},"s":{"0":1,"1":1,"2":1,"3":1,"4":1,"5":1,"6":2,"7":1,"8":1,"9":1,"10":1},"f":{"0":2,"1":1},"b":{}}
,"/Users/1000sang/Documents/github/1000sang/classting/server/src/domains/accounts/account.service.ts": {"path":"/Users/1000sang/Documents/github/1000sang/classting/server/src/domains/accounts/account.service.ts","statementMap":{"0":{"start":{"line":1,"column":0},"end":{"line":1,"column":59}},"1":{"start":{"line":2,"column":0},"end":{"line":2,"column":51}},"2":{"start":{"line":3,"column":0},"end":{"line":3,"column":61}},"3":{"start":{"line":4,"column":0},"end":{"line":4,"column":37}},"4":{"start":{"line":6,"column":0},"end":{"line":6,"column":93}},"5":{"start":{"line":7,"column":0},"end":{"line":7,"column":41}},"6":{"start":{"line":8,"column":0},"end":{"line":8,"column":62}},"7":{"start":{"line":9,"column":0},"end":{"line":9,"column":88}},"8":{"start":{"line":11,"column":23},"end":{"line":17,"column":2}},"9":{"start":{"line":20,"column":7},"end":{"line":62,"column":null}},"10":{"start":{"line":23,"column":19},"end":{"line":23,"column":38}},"11":{"start":{"line":24,"column":19},"end":{"line":24,"column":31}},"12":{"start":{"line":28,"column":2},"end":{"line":30,"column":5}},"13":{"start":{"line":29,"column":3},"end":{"line":29,"column":56}},"14":{"start":{"line":34,"column":17},"end":{"line":34,"column":54}},"15":{"start":{"line":35,"column":2},"end":{"line":37,"column":3}},"16":{"start":{"line":36,"column":3},"end":{"line":36,"column":55}},"17":{"start":{"line":41,"column":33},"end":{"line":50,"column":5}},"18":{"start":{"line":49,"column":4},"end":{"line":49,"column":59}},"19":{"start":{"line":52,"column":16},"end":{"line":56,"column":4}},"20":{"start":{"line":58,"column":2},"end":{"line":60,"column":5}},"21":{"start":{"line":20,"column":13},"end":{"line":20,"column":27}},"22":{"start":{"line":20,"column":13},"end":{"line":62,"column":null}}},"fnMap":{"0":{"name":"(anonymous_4)","decl":{"start":{"line":21,"column":1},"end":{"line":21,"column":null}},"loc":{"start":{"line":24,"column":41},"end":{"line":25,"column":5}}},"1":{"name":"(anonymous_5)","decl":{"start":{"line":27,"column":1},"end":{"line":27,"column":6}},"loc":{"start":{"line":27,"column":29},"end":{"line":31,"column":2}}},"2":{"name":"(anonymous_6)","decl":{"start":{"line":28,"column":68},"end":{"line":28,"column":71}},"loc":{"start":{"line":28,"column":74},"end":{"line":30,"column":3}}},"3":{"name":"(anonymous_7)","decl":{"start":{"line":33,"column":1},"end":{"line":33,"column":6}},"loc":{"start":{"line":33,"column":27},"end":{"line":38,"column":2}}},"4":{"name":"(anonymous_8)","decl":{"start":{"line":40,"column":1},"end":{"line":40,"column":6}},"loc":{"start":{"line":40,"column":26},"end":{"line":61,"column":2}}},"5":{"name":"(anonymous_9)","decl":{"start":{"line":48,"column":10},"end":{"line":48,"column":13}},"loc":{"start":{"line":48,"column":15},"end":{"line":50,"column":4}}}},"branchMap":{"0":{"loc":{"start":{"line":35,"column":2},"end":{"line":37,"column":3}},"type":"if","locations":[{"start":{"line":35,"column":2},"end":{"line":37,"column":3}}]}},"s":{"0":2,"1":2,"2":2,"3":2,"4":2,"5":2,"6":2,"7":2,"8":2,"9":2,"10":3,"11":3,"12":2,"13":1,"14":0,"15":0,"16":0,"17":1,"18":1,"19":0,"20":0,"21":2,"22":2},"f":{"0":3,"1":2,"2":1,"3":0,"4":1,"5":1},"b":{"0":[0]}}
,"/Users/1000sang/Documents/github/1000sang/classting/server/src/domains/school-pages/school-page.controller.ts": {"path":"/Users/1000sang/Documents/github/1000sang/classting/server/src/domains/school-pages/school-page.controller.ts","statementMap":{"0":{"start":{"line":1,"column":0},"end":{"line":1,"column":78}},"1":{"start":{"line":2,"column":0},"end":{"line":2,"column":100}},"2":{"start":{"line":3,"column":0},"end":{"line":3,"column":58}},"3":{"start":{"line":4,"column":0},"end":{"line":4,"column":68}},"4":{"start":{"line":5,"column":0},"end":{"line":5,"column":86}},"5":{"start":{"line":6,"column":0},"end":{"line":6,"column":64}},"6":{"start":{"line":7,"column":0},"end":{"line":7,"column":64}},"7":{"start":{"line":8,"column":0},"end":{"line":8,"column":82}},"8":{"start":{"line":13,"column":7},"end":{"line":61,"column":null}},"9":{"start":{"line":14,"column":30},"end":{"line":14,"column":49}},"10":{"start":{"line":24,"column":2},"end":{"line":24,"column":50}},"11":{"start":{"line":35,"column":17},"end":{"line":38,"column":4}},"12":{"start":{"line":39,"column":2},"end":{"line":39,"column":57}},"13":{"start":{"line":45,"column":17},"end":{"line":48,"column":4}},"14":{"start":{"line":49,"column":2},"end":{"line":49,"column":57}},"15":{"start":{"line":55,"column":17},"end":{"line":58,"column":4}},"16":{"start":{"line":59,"column":2},"end":{"line":59,"column":57}},"17":{"start":{"line":13,"column":13},"end":{"line":13,"column":33}},"18":{"start":{"line":23,"column":7},"end":{"line":25,"column":null}},"19":{"start":{"line":34,"column":7},"end":{"line":40,"column":null}},"20":{"start":{"line":44,"column":7},"end":{"line":50,"column":null}},"21":{"start":{"line":54,"column":7},"end":{"line":60,"column":null}},"22":{"start":{"line":13,"column":13},"end":{"line":61,"column":null}}},"fnMap":{"0":{"name":"(anonymous_4)","decl":{"start":{"line":14,"column":1},"end":{"line":14,"column":30}},"loc":{"start":{"line":14,"column":66},"end":{"line":14,"column":70}}},"1":{"name":"(anonymous_5)","decl":{"start":{"line":23,"column":1},"end":{"line":23,"column":6}},"loc":{"start":{"line":23,"column":46},"end":{"line":25,"column":2}}},"2":{"name":"(anonymous_6)","decl":{"start":{"line":34,"column":1},"end":{"line":34,"column":6}},"loc":{"start":{"line":34,"column":74},"end":{"line":40,"column":2}}},"3":{"name":"(anonymous_7)","decl":{"start":{"line":44,"column":1},"end":{"line":44,"column":6}},"loc":{"start":{"line":44,"column":102},"end":{"line":50,"column":2}}},"4":{"name":"(anonymous_8)","decl":{"start":{"line":54,"column":1},"end":{"line":54,"column":6}},"loc":{"start":{"line":54,"column":74},"end":{"line":60,"column":2}}}},"branchMap":{},"s":{"0":1,"1":1,"2":1,"3":1,"4":1,"5":1,"6":1,"7":1,"8":1,"9":5,"10":1,"11":1,"12":1,"13":1,"14":1,"15":1,"16":1,"17":1,"18":1,"19":1,"20":1,"21":1,"22":1},"f":{"0":5,"1":1,"2":1,"3":1,"4":1},"b":{}}
,"/Users/1000sang/Documents/github/1000sang/classting/server/src/domains/school-pages/school-page.service.ts": {"path":"/Users/1000sang/Documents/github/1000sang/classting/server/src/domains/school-pages/school-page.service.ts","statementMap":{"0":{"start":{"line":1,"column":0},"end":{"line":1,"column":71}},"1":{"start":{"line":2,"column":0},"end":{"line":2,"column":51}},"2":{"start":{"line":3,"column":0},"end":{"line":3,"column":68}},"3":{"start":{"line":4,"column":0},"end":{"line":4,"column":37}},"4":{"start":{"line":6,"column":0},"end":{"line":6,"column":90}},"5":{"start":{"line":7,"column":0},"end":{"line":7,"column":64}},"6":{"start":{"line":8,"column":0},"end":{"line":8,"column":95}},"7":{"start":{"line":9,"column":0},"end":{"line":9,"column":86}},"8":{"start":{"line":10,"column":0},"end":{"line":10,"column":70}},"9":{"start":{"line":13,"column":7},"end":{"line":108,"column":null}},"10":{"start":{"line":16,"column":19},"end":{"line":16,"column":41}},"11":{"start":{"line":18,"column":19},"end":{"line":18,"column":39}},"12":{"start":{"line":20,"column":19},"end":{"line":20,"column":42}},"13":{"start":{"line":24,"column":28},"end":{"line":29,"column":4}},"14":{"start":{"line":31,"column":2},"end":{"line":33,"column":3}},"15":{"start":{"line":32,"column":3},"end":{"line":32,"column":60}},"16":{"start":{"line":35,"column":27},"end":{"line":38,"column":4}},"17":{"start":{"line":40,"column":21},"end":{"line":40,"column":75}},"18":{"start":{"line":42,"column":2},"end":{"line":44,"column":5}},"19":{"start":{"line":49,"column":21},"end":{"line":52,"column":4}},"20":{"start":{"line":54,"column":2},"end":{"line":56,"column":3}},"21":{"start":{"line":55,"column":3},"end":{"line":55,"column":63}},"22":{"start":{"line":59,"column":19},"end":{"line":62,"column":4}},"23":{"start":{"line":65,"column":25},"end":{"line":65,"column":69}},"24":{"start":{"line":68,"column":22},"end":{"line":68,"column":41}},"25":{"start":{"line":74,"column":8},"end":{"line":80,"column":4}},"26":{"start":{"line":75,"column":3},"end":{"line":79,"column":6}},"27":{"start":{"line":83,"column":2},"end":{"line":83,"column":61}},"28":{"start":{"line":86,"column":21},"end":{"line":92,"column":5}},"29":{"start":{"line":91,"column":4},"end":{"line":91,"column":64}},"30":{"start":{"line":94,"column":2},"end":{"line":94,"column":70}},"31":{"start":{"line":98,"column":21},"end":{"line":104,"column":5}},"32":{"start":{"line":103,"column":4},"end":{"line":103,"column":64}},"33":{"start":{"line":106,"column":2},"end":{"line":106,"column":73}},"34":{"start":{"line":13,"column":13},"end":{"line":13,"column":30}},"35":{"start":{"line":13,"column":13},"end":{"line":108,"column":null}}},"fnMap":{"0":{"name":"(anonymous_4)","decl":{"start":{"line":14,"column":1},"end":{"line":14,"column":null}},"loc":{"start":{"line":20,"column":71},"end":{"line":21,"column":5}}},"1":{"name":"(anonymous_5)","decl":{"start":{"line":23,"column":1},"end":{"line":23,"column":6}},"loc":{"start":{"line":23,"column":38},"end":{"line":45,"column":2}}},"2":{"name":"(anonymous_6)","decl":{"start":{"line":47,"column":1},"end":{"line":47,"column":6}},"loc":{"start":{"line":47,"column":54},"end":{"line":84,"column":2}}},"3":{"name":"(anonymous_7)","decl":{"start":{"line":74,"column":24},"end":{"line":74,"column":34}},"loc":{"start":{"line":74,"column":37},"end":{"line":80,"column":3}}},"4":{"name":"(anonymous_8)","decl":{"start":{"line":85,"column":1},"end":{"line":85,"column":6}},"loc":{"start":{"line":85,"column":70},"end":{"line":95,"column":2}}},"5":{"name":"(anonymous_9)","decl":{"start":{"line":90,"column":10},"end":{"line":90,"column":13}},"loc":{"start":{"line":90,"column":16},"end":{"line":92,"column":4}}},"6":{"name":"(anonymous_10)","decl":{"start":{"line":97,"column":1},"end":{"line":97,"column":6}},"loc":{"start":{"line":97,"column":54},"end":{"line":107,"column":2}}},"7":{"name":"(anonymous_11)","decl":{"start":{"line":102,"column":10},"end":{"line":102,"column":13}},"loc":{"start":{"line":102,"column":16},"end":{"line":104,"column":4}}}},"branchMap":{"0":{"loc":{"start":{"line":31,"column":2},"end":{"line":33,"column":3}},"type":"if","locations":[{"start":{"line":31,"column":2},"end":{"line":33,"column":3}}]},"1":{"loc":{"start":{"line":54,"column":2},"end":{"line":56,"column":3}},"type":"if","locations":[{"start":{"line":54,"column":2},"end":{"line":56,"column":3}}]}},"s":{"0":2,"1":2,"2":2,"3":2,"4":2,"5":2,"6":2,"7":2,"8":2,"9":2,"10":8,"11":8,"12":8,"13":2,"14":2,"15":1,"16":1,"17":1,"18":1,"19":2,"20":2,"21":1,"22":1,"23":1,"24":1,"25":1,"26":3,"27":1,"28":2,"29":1,"30":1,"31":2,"32":1,"33":1,"34":2,"35":2},"f":{"0":8,"1":2,"2":2,"3":3,"4":2,"5":1,"6":2,"7":1},"b":{"0":[1],"1":[1]}}
,"/Users/1000sang/Documents/github/1000sang/classting/server/src/domains/student/student.controller.ts": {"path":"/Users/1000sang/Documents/github/1000sang/classting/server/src/domains/student/student.controller.ts","statementMap":{"0":{"start":{"line":1,"column":0},"end":{"line":1,"column":81}},"1":{"start":{"line":2,"column":0},"end":{"line":2,"column":91}},"2":{"start":{"line":3,"column":0},"end":{"line":3,"column":92}},"3":{"start":{"line":4,"column":0},"end":{"line":4,"column":51}},"4":{"start":{"line":5,"column":0},"end":{"line":5,"column":73}},"5":{"start":{"line":6,"column":0},"end":{"line":6,"column":68}},"6":{"start":{"line":13,"column":7},"end":{"line":75,"column":null}},"7":{"start":{"line":14,"column":30},"end":{"line":14,"column":46}},"8":{"start":{"line":24,"column":17},"end":{"line":24,"column":68}},"9":{"start":{"line":25,"column":2},"end":{"line":25,"column":53}},"10":{"start":{"line":36,"column":17},"end":{"line":36,"column":68}},"11":{"start":{"line":37,"column":2},"end":{"line":37,"column":55}},"12":{"start":{"line":48,"column":17},"end":{"line":48,"column":42}},"13":{"start":{"line":49,"column":2},"end":{"line":49,"column":57}},"14":{"start":{"line":60,"column":17},"end":{"line":60,"column":68}},"15":{"start":{"line":61,"column":2},"end":{"line":61,"column":55}},"16":{"start":{"line":72,"column":17},"end":{"line":72,"column":42}},"17":{"start":{"line":73,"column":2},"end":{"line":73,"column":58}},"18":{"start":{"line":13,"column":13},"end":{"line":13,"column":30}},"19":{"start":{"line":23,"column":7},"end":{"line":26,"column":null}},"20":{"start":{"line":35,"column":7},"end":{"line":38,"column":null}},"21":{"start":{"line":47,"column":7},"end":{"line":50,"column":null}},"22":{"start":{"line":59,"column":7},"end":{"line":62,"column":null}},"23":{"start":{"line":71,"column":7},"end":{"line":74,"column":null}},"24":{"start":{"line":13,"column":13},"end":{"line":75,"column":null}}},"fnMap":{"0":{"name":"(anonymous_4)","decl":{"start":{"line":14,"column":1},"end":{"line":14,"column":30}},"loc":{"start":{"line":14,"column":60},"end":{"line":14,"column":64}}},"1":{"name":"(anonymous_5)","decl":{"start":{"line":23,"column":1},"end":{"line":23,"column":6}},"loc":{"start":{"line":23,"column":67},"end":{"line":26,"column":2}}},"2":{"name":"(anonymous_6)","decl":{"start":{"line":35,"column":1},"end":{"line":35,"column":6}},"loc":{"start":{"line":35,"column":69},"end":{"line":38,"column":2}}},"3":{"name":"(anonymous_7)","decl":{"start":{"line":47,"column":1},"end":{"line":47,"column":6}},"loc":{"start":{"line":47,"column":46},"end":{"line":50,"column":2}}},"4":{"name":"(anonymous_8)","decl":{"start":{"line":59,"column":1},"end":{"line":59,"column":6}},"loc":{"start":{"line":59,"column":69},"end":{"line":62,"column":2}}},"5":{"name":"(anonymous_9)","decl":{"start":{"line":71,"column":1},"end":{"line":71,"column":6}},"loc":{"start":{"line":71,"column":47},"end":{"line":74,"column":2}}}},"branchMap":{},"s":{"0":1,"1":1,"2":1,"3":1,"4":1,"5":1,"6":1,"7":5,"8":2,"9":2,"10":0,"11":0,"12":1,"13":1,"14":1,"15":1,"16":0,"17":0,"18":1,"19":1,"20":1,"21":1,"22":1,"23":1,"24":1},"f":{"0":5,"1":2,"2":0,"3":1,"4":1,"5":0},"b":{}}
,"/Users/1000sang/Documents/github/1000sang/classting/server/src/domains/student/student.service.ts": {"path":"/Users/1000sang/Documents/github/1000sang/classting/server/src/domains/student/student.service.ts","statementMap":{"0":{"start":{"line":1,"column":0},"end":{"line":1,"column":44}},"1":{"start":{"line":2,"column":0},"end":{"line":2,"column":51}},"2":{"start":{"line":3,"column":0},"end":{"line":3,"column":68}},"3":{"start":{"line":4,"column":0},"end":{"line":4,"column":49}},"4":{"start":{"line":5,"column":0},"end":{"line":5,"column":64}},"5":{"start":{"line":6,"column":0},"end":{"line":6,"column":95}},"6":{"start":{"line":7,"column":0},"end":{"line":7,"column":61}},"7":{"start":{"line":8,"column":0},"end":{"line":8,"column":98}},"8":{"start":{"line":10,"column":0},"end":{"line":10,"column":89}},"9":{"start":{"line":11,"column":0},"end":{"line":11,"column":70}},"10":{"start":{"line":12,"column":0},"end":{"line":12,"column":67}},"11":{"start":{"line":15,"column":7},"end":{"line":146,"column":null}},"12":{"start":{"line":18,"column":19},"end":{"line":18,"column":41}},"13":{"start":{"line":20,"column":19},"end":{"line":20,"column":38}},"14":{"start":{"line":22,"column":19},"end":{"line":22,"column":39}},"15":{"start":{"line":27,"column":21},"end":{"line":29,"column":4}},"16":{"start":{"line":28,"column":3},"end":{"line":28,"column":63}},"17":{"start":{"line":32,"column":18},"end":{"line":35,"column":4}},"18":{"start":{"line":37,"column":15},"end":{"line":37,"column":34}},"19":{"start":{"line":39,"column":2},"end":{"line":43,"column":3}},"20":{"start":{"line":40,"column":3},"end":{"line":42,"column":4}},"21":{"start":{"line":41,"column":4},"end":{"line":41,"column":65}},"22":{"start":{"line":45,"column":2},"end":{"line":45,"column":24}},"23":{"start":{"line":47,"column":2},"end":{"line":47,"column":29}},"24":{"start":{"line":50,"column":2},"end":{"line":50,"column":45}},"25":{"start":{"line":55,"column":2},"end":{"line":57,"column":5}},"26":{"start":{"line":56,"column":3},"end":{"line":56,"column":63}},"27":{"start":{"line":60,"column":18},"end":{"line":65,"column":4}},"28":{"start":{"line":68,"column":2},"end":{"line":68,"column":90}},"29":{"start":{"line":68,"column":58},"end":{"line":68,"column":88}},"30":{"start":{"line":71,"column":2},"end":{"line":71,"column":45}},"31":{"start":{"line":75,"column":18},"end":{"line":80,"column":4}},"32":{"start":{"line":82,"column":2},"end":{"line":90,"column":4}},"33":{"start":{"line":84,"column":4},"end":{"line":88,"column":7}},"34":{"start":{"line":94,"column":20},"end":{"line":103,"column":13}},"35":{"start":{"line":97,"column":21},"end":{"line":97,"column":170}},"36":{"start":{"line":98,"column":4},"end":{"line":98,"column":33}},"37":{"start":{"line":105,"column":2},"end":{"line":117,"column":4}},"38":{"start":{"line":107,"column":4},"end":{"line":115,"column":7}},"39":{"start":{"line":121,"column":20},"end":{"line":130,"column":13}},"40":{"start":{"line":124,"column":21},"end":{"line":124,"column":134}},"41":{"start":{"line":125,"column":4},"end":{"line":125,"column":33}},"42":{"start":{"line":132,"column":2},"end":{"line":144,"column":4}},"43":{"start":{"line":134,"column":4},"end":{"line":142,"column":7}},"44":{"start":{"line":15,"column":13},"end":{"line":15,"column":27}},"45":{"start":{"line":15,"column":13},"end":{"line":146,"column":null}}},"fnMap":{"0":{"name":"(anonymous_4)","decl":{"start":{"line":16,"column":1},"end":{"line":16,"column":null}},"loc":{"start":{"line":22,"column":65},"end":{"line":23,"column":5}}},"1":{"name":"(anonymous_5)","decl":{"start":{"line":25,"column":1},"end":{"line":25,"column":6}},"loc":{"start":{"line":25,"column":68},"end":{"line":51,"column":2}}},"2":{"name":"(anonymous_6)","decl":{"start":{"line":27,"column":104},"end":{"line":27,"column":107}},"loc":{"start":{"line":27,"column":109},"end":{"line":29,"column":3}}},"3":{"name":"(anonymous_7)","decl":{"start":{"line":53,"column":1},"end":{"line":53,"column":6}},"loc":{"start":{"line":53,"column":70},"end":{"line":72,"column":2}}},"4":{"name":"(anonymous_8)","decl":{"start":{"line":55,"column":85},"end":{"line":55,"column":88}},"loc":{"start":{"line":55,"column":90},"end":{"line":57,"column":3}}},"5":{"name":"(anonymous_9)","decl":{"start":{"line":68,"column":51},"end":{"line":68,"column":54}},"loc":{"start":{"line":68,"column":58},"end":{"line":68,"column":88}}},"6":{"name":"(anonymous_10)","decl":{"start":{"line":74,"column":1},"end":{"line":74,"column":6}},"loc":{"start":{"line":74,"column":50},"end":{"line":91,"column":2}}},"7":{"name":"(anonymous_11)","decl":{"start":{"line":83,"column":33},"end":{"line":83,"column":43}},"loc":{"start":{"line":83,"column":46},"end":{"line":89,"column":4}}},"8":{"name":"(anonymous_12)","decl":{"start":{"line":93,"column":1},"end":{"line":93,"column":6}},"loc":{"start":{"line":93,"column":70},"end":{"line":118,"column":2}}},"9":{"name":"(anonymous_13)","decl":{"start":{"line":96,"column":10},"end":{"line":96,"column":12}},"loc":{"start":{"line":96,"column":15},"end":{"line":99,"column":4}}},"10":{"name":"(anonymous_14)","decl":{"start":{"line":106,"column":23},"end":{"line":106,"column":31}},"loc":{"start":{"line":106,"column":34},"end":{"line":116,"column":4}}},"11":{"name":"(anonymous_15)","decl":{"start":{"line":120,"column":1},"end":{"line":120,"column":6}},"loc":{"start":{"line":120,"column":51},"end":{"line":145,"column":2}}},"12":{"name":"(anonymous_16)","decl":{"start":{"line":123,"column":10},"end":{"line":123,"column":12}},"loc":{"start":{"line":123,"column":15},"end":{"line":126,"column":4}}},"13":{"name":"(anonymous_17)","decl":{"start":{"line":133,"column":23},"end":{"line":133,"column":31}},"loc":{"start":{"line":133,"column":34},"end":{"line":143,"column":4}}}},"branchMap":{"0":{"loc":{"start":{"line":40,"column":3},"end":{"line":42,"column":4}},"type":"if","locations":[{"start":{"line":40,"column":3},"end":{"line":42,"column":4}}]}},"s":{"0":2,"1":2,"2":2,"3":2,"4":2,"5":2,"6":2,"7":2,"8":2,"9":2,"10":2,"11":2,"12":8,"13":8,"14":8,"15":3,"16":1,"17":2,"18":2,"19":2,"20":1,"21":1,"22":1,"23":1,"24":1,"25":2,"26":1,"27":1,"28":1,"29":1,"30":1,"31":1,"32":1,"33":1,"34":2,"35":0,"36":0,"37":2,"38":3,"39":0,"40":0,"41":0,"42":0,"43":0,"44":2,"45":2},"f":{"0":8,"1":3,"2":1,"3":2,"4":1,"5":1,"6":1,"7":1,"8":2,"9":0,"10":3,"11":0,"12":0,"13":0},"b":{"0":[1]}}
}
