TN:
SF:src/domains/accounts/account.controller.ts
FN:11,(anonymous_4)
FN:20,(anonymous_5)
FNF:2
FNH:2
FNDA:2,(anonymous_4)
FNDA:1,(anonymous_5)
DA:1,1
DA:2,1
DA:3,1
DA:4,1
DA:5,1
DA:10,1
DA:11,2
DA:20,1
DA:21,1
LF:9
LH:9
BRF:0
BRH:0
end_of_record
TN:
SF:src/domains/accounts/account.service.ts
FN:21,(anonymous_4)
FN:27,(anonymous_5)
FN:28,(anonymous_6)
FN:33,(anonymous_7)
FN:40,(anonymous_8)
FN:48,(anonymous_9)
FNF:6
FNH:5
FNDA:3,(anonymous_4)
FNDA:2,(anonymous_5)
FNDA:1,(anonymous_6)
FNDA:0,(anonymous_7)
FNDA:1,(anonymous_8)
FNDA:1,(anonymous_9)
DA:1,2
DA:2,2
DA:3,2
DA:4,2
DA:6,2
DA:7,2
DA:8,2
DA:9,2
DA:11,2
DA:20,2
DA:23,3
DA:24,3
DA:28,2
DA:29,1
DA:34,0
DA:35,0
DA:36,0
DA:41,1
DA:49,1
DA:52,0
DA:58,0
LF:21
LH:16
BRDA:35,0,0,0
BRF:1
BRH:0
end_of_record
TN:
SF:src/domains/school-pages/school-page.controller.ts
FN:14,(anonymous_4)
FN:23,(anonymous_5)
FN:34,(anonymous_6)
FN:44,(anonymous_7)
FN:54,(anonymous_8)
FNF:5
FNH:5
FNDA:5,(anonymous_4)
FNDA:1,(anonymous_5)
FNDA:1,(anonymous_6)
FNDA:1,(anonymous_7)
FNDA:1,(anonymous_8)
DA:1,1
DA:2,1
DA:3,1
DA:4,1
DA:5,1
DA:6,1
DA:7,1
DA:8,1
DA:13,1
DA:14,5
DA:23,1
DA:24,1
DA:34,1
DA:35,1
DA:39,1
DA:44,1
DA:45,1
DA:49,1
DA:54,1
DA:55,1
DA:59,1
LF:21
LH:21
BRF:0
BRH:0
end_of_record
TN:
SF:src/domains/school-pages/school-page.service.ts
FN:14,(anonymous_4)
FN:23,(anonymous_5)
FN:47,(anonymous_6)
FN:74,(anonymous_7)
FN:85,(anonymous_8)
FN:90,(anonymous_9)
FN:97,(anonymous_10)
FN:102,(anonymous_11)
FNF:8
FNH:8
FNDA:8,(anonymous_4)
FNDA:2,(anonymous_5)
FNDA:2,(anonymous_6)
FNDA:3,(anonymous_7)
FNDA:2,(anonymous_8)
FNDA:1,(anonymous_9)
FNDA:2,(anonymous_10)
FNDA:1,(anonymous_11)
DA:1,2
DA:2,2
DA:3,2
DA:4,2
DA:6,2
DA:7,2
DA:8,2
DA:9,2
DA:10,2
DA:13,2
DA:16,8
DA:18,8
DA:20,8
DA:24,2
DA:31,2
DA:32,1
DA:35,1
DA:40,1
DA:42,1
DA:49,2
DA:54,2
DA:55,1
DA:59,1
DA:65,1
DA:68,1
DA:74,1
DA:75,3
DA:83,1
DA:86,2
DA:91,1
DA:94,1
DA:98,2
DA:103,1
DA:106,1
LF:34
LH:34
BRDA:31,0,0,1
BRDA:54,1,0,1
BRF:2
BRH:2
end_of_record
TN:
SF:src/domains/student/student.controller.ts
FN:14,(anonymous_4)
FN:23,(anonymous_5)
FN:35,(anonymous_6)
FN:47,(anonymous_7)
FN:59,(anonymous_8)
FN:71,(anonymous_9)
FNF:6
FNH:4
FNDA:5,(anonymous_4)
FNDA:2,(anonymous_5)
FNDA:0,(anonymous_6)
FNDA:1,(anonymous_7)
FNDA:1,(anonymous_8)
FNDA:0,(anonymous_9)
DA:1,1
DA:2,1
DA:3,1
DA:4,1
DA:5,1
DA:6,1
DA:13,1
DA:14,5
DA:23,1
DA:24,2
DA:25,2
DA:35,1
DA:36,0
DA:37,0
DA:47,1
DA:48,1
DA:49,1
DA:59,1
DA:60,1
DA:61,1
DA:71,1
DA:72,0
DA:73,0
LF:23
LH:19
BRF:0
BRH:0
end_of_record
TN:
SF:src/domains/student/student.service.ts
FN:16,(anonymous_4)
FN:25,(anonymous_5)
FN:27,(anonymous_6)
FN:53,(anonymous_7)
FN:55,(anonymous_8)
FN:68,(anonymous_9)
FN:74,(anonymous_10)
FN:83,(anonymous_11)
FN:93,(anonymous_12)
FN:96,(anonymous_13)
FN:106,(anonymous_14)
FN:120,(anonymous_15)
FN:123,(anonymous_16)
FN:133,(anonymous_17)
FNF:14
FNH:10
FNDA:8,(anonymous_4)
FNDA:3,(anonymous_5)
FNDA:1,(anonymous_6)
FNDA:2,(anonymous_7)
FNDA:1,(anonymous_8)
FNDA:1,(anonymous_9)
FNDA:1,(anonymous_10)
FNDA:1,(anonymous_11)
FNDA:2,(anonymous_12)
FNDA:0,(anonymous_13)
FNDA:3,(anonymous_14)
FNDA:0,(anonymous_15)
FNDA:0,(anonymous_16)
FNDA:0,(anonymous_17)
DA:1,2
DA:2,2
DA:3,2
DA:4,2
DA:5,2
DA:6,2
DA:7,2
DA:8,2
DA:10,2
DA:11,2
DA:12,2
DA:15,2
DA:18,8
DA:20,8
DA:22,8
DA:27,3
DA:28,1
DA:32,2
DA:37,2
DA:39,2
DA:40,1
DA:41,1
DA:45,1
DA:47,1
DA:50,1
DA:55,2
DA:56,1
DA:60,1
DA:68,1
DA:71,1
DA:75,1
DA:82,1
DA:84,1
DA:94,2
DA:97,0
DA:98,0
DA:105,2
DA:107,3
DA:121,0
DA:124,0
DA:125,0
DA:132,0
DA:134,0
LF:43
LH:36
BRDA:40,0,0,1
BRF:1
BRH:1
end_of_record
